c:\users\zeair\documents\visual studio 2015\projects\console3d\console3d\debug\vc140.pdb
c:\users\zeair\documents\visual studio 2015\projects\console3d\console3d\debug\vc140.idb
c:\users\zeair\documents\visual studio 2015\projects\console3d\console3d\debug\camera.obj
c:\users\zeair\documents\visual studio 2015\projects\console3d\console3d\debug\directionallight.obj
c:\users\zeair\documents\visual studio 2015\projects\console3d\console3d\debug\engine.obj
c:\users\zeair\documents\visual studio 2015\projects\console3d\console3d\debug\lightingmanager.obj
c:\users\zeair\documents\visual studio 2015\projects\console3d\console3d\debug\pointlight.obj
c:\users\zeair\documents\visual studio 2015\projects\console3d\console3d\debug\renderer.obj
c:\users\zeair\documents\visual studio 2015\projects\console3d\console3d\debug\main.obj
c:\users\zeair\documents\visual studio 2015\projects\console3d\console3d\debug\matrix.obj
c:\users\zeair\documents\visual studio 2015\projects\console3d\console3d\debug\mesh.obj
c:\users\zeair\documents\visual studio 2015\projects\console3d\console3d\debug\quaternion.obj
c:\users\zeair\documents\visual studio 2015\projects\console3d\console3d\debug\scene.obj
c:\users\zeair\documents\visual studio 2015\projects\console3d\console3d\debug\screen.obj
c:\users\zeair\documents\visual studio 2015\projects\console3d\console3d\debug\spotlight.obj
c:\users\zeair\documents\visual studio 2015\projects\console3d\console3d\debug\transform.obj
c:\users\zeair\documents\visual studio 2015\projects\console3d\console3d\debug\triangleedge.obj
c:\users\zeair\documents\visual studio 2015\projects\console3d\console3d\debug\vector.obj
c:\users\zeair\documents\visual studio 2015\projects\console3d\console3d\debug\vertex.obj
c:\users\zeair\documents\visual studio 2015\projects\console3d\debug\console3d.ilk
c:\users\zeair\documents\visual studio 2015\projects\console3d\debug\console3d.exe
c:\users\zeair\documents\visual studio 2015\projects\console3d\debug\console3d.pdb
c:\users\zeair\documents\visual studio 2015\projects\console3d\console3d\debug\console3d.tlog\cl.command.1.tlog
c:\users\zeair\documents\visual studio 2015\projects\console3d\console3d\debug\console3d.tlog\cl.read.1.tlog
c:\users\zeair\documents\visual studio 2015\projects\console3d\console3d\debug\console3d.tlog\cl.write.1.tlog
c:\users\zeair\documents\visual studio 2015\projects\console3d\console3d\debug\console3d.tlog\link.command.1.tlog
c:\users\zeair\documents\visual studio 2015\projects\console3d\console3d\debug\console3d.tlog\link.read.1.tlog
c:\users\zeair\documents\visual studio 2015\projects\console3d\console3d\debug\console3d.tlog\link.write.1.tlog
