Build started 9/22/2015 11:30:27 PM.
     1>Project "C:\Users\zeair\Documents\Visual Studio 2015\Projects\Console3D\Console3D\Console3D.vcxproj" on node 2 (Build target(s)).
     1>ClCompile:
         C:\Program Files (x86)\Microsoft Visual Studio 14.0\VC\bin\CL.exe /c /ZI /nologo /W3 /WX- /sdl /Od /Oy- /D WIN32 /D _SCL_SECURE_NO_WARNINGS /D _CRT_SECURE_NO_WARNINGS /D _DEBUG /D _CONSOLE /D _LIB /D _UNICODE /D UNICODE /Gm /EHsc /RTC1 /MDd /GS /fp:precise /Zc:wchar_t /Zc:forScope /Zc:inline /openmp /Fo"Debug\\" /Fd"Debug\vc140.pdb" /Gd /TP /analyze- /errorReport:prompt Matrix.cpp
         Matrix.cpp
       Link:
         C:\Program Files (x86)\Microsoft Visual Studio 14.0\VC\bin\link.exe /ERRORREPORT:PROMPT /OUT:"C:\Users\zeair\Documents\Visual Studio 2015\Projects\Console3D\Debug\Console3D.exe" /INCREMENTAL /NOLOGO kernel32.lib user32.lib gdi32.lib winspool.lib comdlg32.lib advapi32.lib shell32.lib ole32.lib oleaut32.lib uuid.lib odbc32.lib odbccp32.lib /MANIFEST /MANIFESTUAC:"level='asInvoker' uiAccess='false'" /manifest:embed /Debug /PDB:"C:\Users\zeair\Documents\Visual Studio 2015\Projects\Console3D\Debug\Console3D.pdb" /SUBSYSTEM:CONSOLE /TLBID:1 /DYNAMICBASE /NXCOMPAT /IMPLIB:"C:\Users\zeair\Documents\Visual Studio 2015\Projects\Console3D\Debug\Console3D.lib" /MACHINE:X86 Debug\Camera.obj
         Debug\DirectionalLight.obj
         Debug\Engine.obj
         Debug\LightingManager.obj
         Debug\PointLight.obj
         Debug\Renderer.obj
         Debug\Main.obj
         Debug\Matrix.obj
         Debug\Mesh.obj
         Debug\Quaternion.obj
         Debug\Scene.obj
         Debug\Screen.obj
         Debug\ShadowMap.obj
         Debug\SpotLight.obj
         Debug\Transform.obj
         Debug\TriangleEdge.obj
         Debug\Vector.obj
         Debug\Vertex.obj
         Console3D.vcxproj -> C:\Users\zeair\Documents\Visual Studio 2015\Projects\Console3D\Debug\Console3D.exe
     1>Done Building Project "C:\Users\zeair\Documents\Visual Studio 2015\Projects\Console3D\Console3D\Console3D.vcxproj" (Build target(s)).

Build succeeded.

Time Elapsed 00:00:00.39
