Build started 10/1/2015 7:32:08 PM.
     1>Project "C:\Users\zeair\Documents\Visual Studio 2015\Projects\Console3D\Console3D\Console3D.vcxproj" on node 2 (Build target(s)).
     1>ClCompile:
         C:\Program Files (x86)\Microsoft Visual Studio 14.0\VC\bin\x86_amd64\CL.exe /c /Zi /nologo /W3 /WX- /sdl /O2 /Oi /GL /D WIN32 /D _SCL_SECURE_NO_WARNINGS /D _CRT_SECURE_NO_WARNINGS /D NDEBUG /D _CONSOLE /D _LIB /D _UNICODE /D UNICODE /Gm- /EHsc /MD /GS /Gy /fp:precise /Zc:wchar_t /Zc:forScope /Zc:inline /openmp /Fo"x64\Release\\" /Fd"x64\Release\vc140.pdb" /Gd /TP /errorReport:prompt DirectionalLight.cpp
         DirectionalLight.cpp
       Link:
         C:\Program Files (x86)\Microsoft Visual Studio 14.0\VC\bin\x86_amd64\link.exe /ERRORREPORT:PROMPT /OUT:"C:\Users\zeair\Documents\Visual Studio 2015\Projects\Console3D\x64\Release\Console3D.exe" /INCREMENTAL:NO /NOLOGO kernel32.lib user32.lib gdi32.lib winspool.lib comdlg32.lib advapi32.lib shell32.lib ole32.lib oleaut32.lib uuid.lib odbc32.lib odbccp32.lib /MANIFEST /MANIFESTUAC:"level='asInvoker' uiAccess='false'" /manifest:embed /Debug /PDB:"C:\Users\zeair\Documents\Visual Studio 2015\Projects\Console3D\x64\Release\Console3D.pdb" /SUBSYSTEM:CONSOLE /OPT:REF /OPT:ICF /LTCG:incremental /TLBID:1 /DYNAMICBASE /NXCOMPAT /IMPLIB:"C:\Users\zeair\Documents\Visual Studio 2015\Projects\Console3D\x64\Release\Console3D.lib" /MACHINE:X64 /PROFILE x64\Release\Camera.obj
         x64\Release\DirectionalLight.obj
         x64\Release\Engine.obj
         x64\Release\LightingManager.obj
         x64\Release\PointLight.obj
         x64\Release\Renderer.obj
         x64\Release\Main.obj
         x64\Release\Matrix.obj
         x64\Release\Mesh.obj
         x64\Release\Quaternion.obj
         x64\Release\Scene.obj
         x64\Release\Screen.obj
         x64\Release\ShadowMap.obj
         x64\Release\SpotLight.obj
         x64\Release\Transform.obj
         x64\Release\TriangleEdge.obj
         x64\Release\Vector.obj
         x64\Release\Vertex.obj
         Generating code
         1 of 399 functions ( 0.3%) were compiled, the rest were copied from previous compilation.
           0 functions were new in current compilation
           1 functions had inline decision re-evaluated but remain unchanged
         Finished generating code
         Console3D.vcxproj -> C:\Users\zeair\Documents\Visual Studio 2015\Projects\Console3D\x64\Release\Console3D.exe
     1>Done Building Project "C:\Users\zeair\Documents\Visual Studio 2015\Projects\Console3D\Console3D\Console3D.vcxproj" (Build target(s)).

Build succeeded.

Time Elapsed 00:00:00.83
