c:\users\zeair\documents\visual studio 2015\projects\console3d\console3d\x64\release64\vc140.pdb
c:\users\zeair\documents\visual studio 2015\projects\console3d\console3d\x64\release64\vertex.obj
c:\users\zeair\documents\visual studio 2015\projects\console3d\console3d\x64\release64\vector.obj
c:\users\zeair\documents\visual studio 2015\projects\console3d\console3d\x64\release64\triangleedge.obj
c:\users\zeair\documents\visual studio 2015\projects\console3d\console3d\x64\release64\transform.obj
c:\users\zeair\documents\visual studio 2015\projects\console3d\console3d\x64\release64\spotlight.obj
c:\users\zeair\documents\visual studio 2015\projects\console3d\console3d\x64\release64\shadowmap.obj
c:\users\zeair\documents\visual studio 2015\projects\console3d\console3d\x64\release64\screen.obj
c:\users\zeair\documents\visual studio 2015\projects\console3d\console3d\x64\release64\scene.obj
c:\users\zeair\documents\visual studio 2015\projects\console3d\console3d\x64\release64\quaternion.obj
c:\users\zeair\documents\visual studio 2015\projects\console3d\console3d\x64\release64\mesh.obj
c:\users\zeair\documents\visual studio 2015\projects\console3d\console3d\x64\release64\matrix.obj
c:\users\zeair\documents\visual studio 2015\projects\console3d\console3d\x64\release64\main.obj
c:\users\zeair\documents\visual studio 2015\projects\console3d\console3d\x64\release64\renderer.obj
c:\users\zeair\documents\visual studio 2015\projects\console3d\console3d\x64\release64\pointlight.obj
c:\users\zeair\documents\visual studio 2015\projects\console3d\console3d\x64\release64\lightingmanager.obj
c:\users\zeair\documents\visual studio 2015\projects\console3d\console3d\x64\release64\engine.obj
c:\users\zeair\documents\visual studio 2015\projects\console3d\console3d\x64\release64\directionallight.obj
c:\users\zeair\documents\visual studio 2015\projects\console3d\console3d\x64\release64\camera.obj
c:\users\zeair\documents\visual studio 2015\projects\console3d\x64\release64\console3d.exe
c:\users\zeair\documents\visual studio 2015\projects\console3d\x64\release64\console3d.ipdb
c:\users\zeair\documents\visual studio 2015\projects\console3d\x64\release64\console3d.iobj
c:\users\zeair\documents\visual studio 2015\projects\console3d\x64\release64\console3d.pdb
c:\users\zeair\documents\visual studio 2015\projects\console3d\console3d\x64\release64\console3d.tlog\cl.command.1.tlog
c:\users\zeair\documents\visual studio 2015\projects\console3d\console3d\x64\release64\console3d.tlog\cl.read.1.tlog
c:\users\zeair\documents\visual studio 2015\projects\console3d\console3d\x64\release64\console3d.tlog\cl.write.1.tlog
c:\users\zeair\documents\visual studio 2015\projects\console3d\console3d\x64\release64\console3d.tlog\link.command.1.tlog
c:\users\zeair\documents\visual studio 2015\projects\console3d\console3d\x64\release64\console3d.tlog\link.read.1.tlog
c:\users\zeair\documents\visual studio 2015\projects\console3d\console3d\x64\release64\console3d.tlog\link.write.1.tlog
