c:\users\zeair\documents\visual studio 2015\projects\console3d\console3d\release\vc140.pdb
c:\users\zeair\documents\visual studio 2015\projects\console3d\console3d\release\vertex.obj
c:\users\zeair\documents\visual studio 2015\projects\console3d\console3d\release\vector.obj
c:\users\zeair\documents\visual studio 2015\projects\console3d\console3d\release\triangleedge.obj
c:\users\zeair\documents\visual studio 2015\projects\console3d\console3d\release\transform.obj
c:\users\zeair\documents\visual studio 2015\projects\console3d\console3d\release\spotlight.obj
c:\users\zeair\documents\visual studio 2015\projects\console3d\console3d\release\shadowmap.obj
c:\users\zeair\documents\visual studio 2015\projects\console3d\console3d\release\screen.obj
c:\users\zeair\documents\visual studio 2015\projects\console3d\console3d\release\scene.obj
c:\users\zeair\documents\visual studio 2015\projects\console3d\console3d\release\quaternion.obj
c:\users\zeair\documents\visual studio 2015\projects\console3d\console3d\release\mesh.obj
c:\users\zeair\documents\visual studio 2015\projects\console3d\console3d\release\matrix.obj
c:\users\zeair\documents\visual studio 2015\projects\console3d\console3d\release\main.obj
c:\users\zeair\documents\visual studio 2015\projects\console3d\console3d\release\renderer.obj
c:\users\zeair\documents\visual studio 2015\projects\console3d\console3d\release\pointlight.obj
c:\users\zeair\documents\visual studio 2015\projects\console3d\console3d\release\lightingmanager.obj
c:\users\zeair\documents\visual studio 2015\projects\console3d\console3d\release\engine.obj
c:\users\zeair\documents\visual studio 2015\projects\console3d\console3d\release\directionallight.obj
c:\users\zeair\documents\visual studio 2015\projects\console3d\console3d\release\camera.obj
c:\users\zeair\documents\visual studio 2015\projects\console3d\release\console3d.exe
c:\users\zeair\documents\visual studio 2015\projects\console3d\release\console3d.ipdb
c:\users\zeair\documents\visual studio 2015\projects\console3d\release\console3d.iobj
c:\users\zeair\documents\visual studio 2015\projects\console3d\release\console3d.pdb
c:\users\zeair\documents\visual studio 2015\projects\console3d\console3d\release\console3d.tlog\cl.command.1.tlog
c:\users\zeair\documents\visual studio 2015\projects\console3d\console3d\release\console3d.tlog\cl.read.1.tlog
c:\users\zeair\documents\visual studio 2015\projects\console3d\console3d\release\console3d.tlog\cl.write.1.tlog
c:\users\zeair\documents\visual studio 2015\projects\console3d\console3d\release\console3d.tlog\link.command.1.tlog
c:\users\zeair\documents\visual studio 2015\projects\console3d\console3d\release\console3d.tlog\link.read.1.tlog
c:\users\zeair\documents\visual studio 2015\projects\console3d\console3d\release\console3d.tlog\link.write.1.tlog
