Build started 9/24/2015 1:03:36 AM.
     1>Project "C:\Users\zeair\Documents\Visual Studio 2015\Projects\Console3D\Console3D\Console3D.vcxproj" on node 2 (Build target(s)).
     1>ClCompile:
         C:\Program Files (x86)\Microsoft Visual Studio 14.0\VC\bin\CL.exe /c /Zi /nologo /W3 /WX- /sdl /O2 /Oi /Oy- /GL /D WIN32 /D _SCL_SECURE_NO_WARNINGS /D _CRT_SECURE_NO_WARNINGS /D NDEBUG /D _CONSOLE /D _LIB /D _UNICODE /D UNICODE /Gm- /EHsc /MD /GS /Gy /fp:precise /Zc:wchar_t /Zc:forScope /Zc:inline /openmp /Fo"Release\\" /Fd"Release\vc140.pdb" /Gd /TP /analyze- /errorReport:prompt Scene.cpp
         Scene.cpp
       Link:
         C:\Program Files (x86)\Microsoft Visual Studio 14.0\VC\bin\link.exe /ERRORREPORT:PROMPT /OUT:"C:\Users\zeair\Documents\Visual Studio 2015\Projects\Console3D\Release\Console3D.exe" /INCREMENTAL:NO /NOLOGO kernel32.lib user32.lib gdi32.lib winspool.lib comdlg32.lib advapi32.lib shell32.lib ole32.lib oleaut32.lib uuid.lib odbc32.lib odbccp32.lib /MANIFEST /MANIFESTUAC:"level='asInvoker' uiAccess='false'" /manifest:embed /Debug /PDB:"C:\Users\zeair\Documents\Visual Studio 2015\Projects\Console3D\Release\Console3D.pdb" /SUBSYSTEM:CONSOLE /OPT:REF /OPT:ICF /LTCG:incremental /TLBID:1 /DYNAMICBASE /NXCOMPAT /IMPLIB:"C:\Users\zeair\Documents\Visual Studio 2015\Projects\Console3D\Release\Console3D.lib" /MACHINE:X86 /PROFILE /SAFESEH Release\Camera.obj
         Release\DirectionalLight.obj
         Release\Engine.obj
         Release\LightingManager.obj
         Release\PointLight.obj
         Release\Renderer.obj
         Release\Main.obj
         Release\Matrix.obj
         Release\Mesh.obj
         Release\Quaternion.obj
         Release\Scene.obj
         Release\Screen.obj
         Release\ShadowMap.obj
         Release\SpotLight.obj
         Release\Transform.obj
         Release\TriangleEdge.obj
         Release\Vector.obj
         Release\Vertex.obj
         Generating code
         4 of 386 functions ( 1.0%) were compiled, the rest were copied from previous compilation.
           0 functions were new in current compilation
           10 functions had inline decision re-evaluated but remain unchanged
         Finished generating code
         Console3D.vcxproj -> C:\Users\zeair\Documents\Visual Studio 2015\Projects\Console3D\Release\Console3D.exe
     1>Done Building Project "C:\Users\zeair\Documents\Visual Studio 2015\Projects\Console3D\Console3D\Console3D.vcxproj" (Build target(s)).

Build succeeded.

Time Elapsed 00:00:01.05
